
9983e9de-6ceb-499b-a06c-e030f24bd236 / 2023-02-06 - 10:14:59 -- Running AEB-AzureBuilder.ps1
9983e9de-6ceb-499b-a06c-e030f24bd236 / 2023-02-06 - 10:15:07 -- Creation of Storage Account and Storage Container not required
9983e9de-6ceb-499b-a06c-e030f24bd236 / 2023-02-06 - 10:19:03 -- Creating 1 of 1 VMs
9983e9de-6ceb-499b-a06c-e030f24bd236 / 2023-02-06 - 10:20:43 -- Syncing Files...
9983e9de-6ceb-499b-a06c-e030f24bd236 / 2023-02-06 - 10:20:49 -- Running SyncFiles.ps1
9983e9de-6ceb-499b-a06c-e030f24bd236 / 2023-02-06 - 10:20:54 -- Completed SyncFiles.ps1
9983e9de-6ceb-499b-a06c-e030f24bd236 / 2023-02-06 - 10:20:58 -- Storage Account has been Updated with files
9983e9de-6ceb-499b-a06c-e030f24bd236 / 2023-02-06 - 10:21:07 -- Role Assignments Set
9983e9de-6ceb-499b-a06c-e030f24bd236 / 2023-02-06 - 10:21:11 -- Configuring 1 of 1 VMs
9983e9de-6ceb-499b-a06c-e030f24bd236 / 2023-02-06 - 10:21:15 -- VM: vm-euc-sccm-01 created successfully
9983e9de-6ceb-499b-a06c-e030f24bd236 / 2023-02-06 - 10:23:28 -- VM: vm-euc-sccm-01 - Restarting VM for 120 Seconds...
9983e9de-6ceb-499b-a06c-e030f24bd236 / 2023-02-06 - 10:25:32 -- VM: vm-euc-sccm-01 - Installing App: Conf-RunOnce
9983e9de-6ceb-499b-a06c-e030f24bd236 / 2023-02-06 - 10:27:07 -- VM: vm-euc-sccm-01 configured with Conf-RunOnce.ps1 successfully
9983e9de-6ceb-499b-a06c-e030f24bd236 / 2023-02-06 - 10:27:10 -- VM: vm-euc-sccm-01 - Installing App: Conf-ConfigureDataDisk
9983e9de-6ceb-499b-a06c-e030f24bd236 / 2023-02-06 - 10:28:15 -- VM: vm-euc-sccm-01 configured with Conf-ConfigureDataDisk.ps1 successfully
9983e9de-6ceb-499b-a06c-e030f24bd236 / 2023-02-06 - 10:28:18 -- VM: vm-euc-sccm-01 - Installing App: Conf-DomainJoin
9983e9de-6ceb-499b-a06c-e030f24bd236 / 2023-02-06 - 10:31:52 -- VM: vm-euc-sccm-01 configured with Conf-DomainJoin.ps1 successfully
9983e9de-6ceb-499b-a06c-e030f24bd236 / 2023-02-06 - 10:32:56 -- VM: vm-euc-sccm-01 - Restarting VM for 120 Seconds...
9983e9de-6ceb-499b-a06c-e030f24bd236 / 2023-02-06 - 10:35:00 -- Completed AEB-AzureBuilder.ps1
9983e9de-6ceb-499b-a06c-e030f24bd236 / 2023-02-06 - 10:35:04 -- =============================================================================================================
9983e9de-6ceb-499b-a06c-e030f24bd236 / 2023-02-06 - 11:33:55 -- Running AEB-AzureBuilder.ps1
9983e9de-6ceb-499b-a06c-e030f24bd236 / 2023-02-06 - 11:34:09 -- Creation of Storage Account and Storage Container not required
9983e9de-6ceb-499b-a06c-e030f24bd236 / 2023-02-06 - 11:34:13 -- Creating 1 of 1 VMs
9983e9de-6ceb-499b-a06c-e030f24bd236 / 2023-02-06 - 11:35:46 -- Syncing Files...
9983e9de-6ceb-499b-a06c-e030f24bd236 / 2023-02-06 - 11:35:51 -- Running SyncFiles.ps1
9983e9de-6ceb-499b-a06c-e030f24bd236 / 2023-02-06 - 11:35:56 -- Completed SyncFiles.ps1
9983e9de-6ceb-499b-a06c-e030f24bd236 / 2023-02-06 - 11:35:59 -- Storage Account has been Updated with files
9983e9de-6ceb-499b-a06c-e030f24bd236 / 2023-02-06 - 11:36:12 -- Role Assignments Set
9983e9de-6ceb-499b-a06c-e030f24bd236 / 2023-02-06 - 11:36:16 -- Configuring 1 of 1 VMs
