
9983e9de-6ceb-499b-a06c-e030f24bd236 / 2023-02-08 - 09:30:29 -- Running AEB-AzureBuilder.ps1
9983e9de-6ceb-499b-a06c-e030f24bd236 / 2023-02-08 - 09:30:49 -- PROD Network Security Group created successfully
9983e9de-6ceb-499b-a06c-e030f24bd236 / 2023-02-08 - 09:30:54 -- DEV Network Security Group not required
9983e9de-6ceb-499b-a06c-e030f24bd236 / 2023-02-08 - 09:32:24 -- DEV Bastion for VNET vnet-TestClient0-azure not required
9983e9de-6ceb-499b-a06c-e030f24bd236 / 2023-02-08 - 09:32:28 -- DEV Bastion for VNET vnet-TestClient0-domain not required
9983e9de-6ceb-499b-a06c-e030f24bd236 / 2023-02-08 - 09:32:32 -- Creation of Storage Account and Storage Container not required
9983e9de-6ceb-499b-a06c-e030f24bd236 / 2023-02-08 - 09:33:01 -- Syncing Files...
9983e9de-6ceb-499b-a06c-e030f24bd236 / 2023-02-08 - 09:33:06 -- Running SyncFiles.ps1
9983e9de-6ceb-499b-a06c-e030f24bd236 / 2023-02-08 - 09:33:12 -- Completed SyncFiles.ps1
9983e9de-6ceb-499b-a06c-e030f24bd236 / 2023-02-08 - 09:33:16 -- Storage Account has been Updated with files
9983e9de-6ceb-499b-a06c-e030f24bd236 / 2023-02-08 - 09:33:27 -- Role Assignments Set
9983e9de-6ceb-499b-a06c-e030f24bd236 / 2023-02-08 - 09:33:30 -- Completed AEB-AzureBuilder.ps1
9983e9de-6ceb-499b-a06c-e030f24bd236 / 2023-02-08 - 09:33:35 -- =============================================================================================================
9983e9de-6ceb-499b-a06c-e030f24bd236 / 2023-02-08 - 09:35:36 -- Running AEB-AzureBuilder.ps1
9983e9de-6ceb-499b-a06c-e030f24bd236 / 2023-02-08 - 09:35:46 -- PROD Network Security Group not required
9983e9de-6ceb-499b-a06c-e030f24bd236 / 2023-02-08 - 09:35:50 -- DEV Network Security Group not required
9983e9de-6ceb-499b-a06c-e030f24bd236 / 2023-02-08 - 09:35:56 -- PROD Bastion for VNET vnet-TestClient0-azure not required
9983e9de-6ceb-499b-a06c-e030f24bd236 / 2023-02-08 - 09:36:01 -- PROD Bastion for VNET vnet-TestClient0-domain not required
9983e9de-6ceb-499b-a06c-e030f24bd236 / 2023-02-08 - 09:36:07 -- DEV Bastion for VNET vnet-TestClient0-azure not required
9983e9de-6ceb-499b-a06c-e030f24bd236 / 2023-02-08 - 09:36:11 -- DEV Bastion for VNET vnet-TestClient0-domain not required
9983e9de-6ceb-499b-a06c-e030f24bd236 / 2023-02-08 - 09:36:16 -- Creation of Storage Account and Storage Container not required
9983e9de-6ceb-499b-a06c-e030f24bd236 / 2023-02-08 - 09:36:43 -- Syncing Files...
9983e9de-6ceb-499b-a06c-e030f24bd236 / 2023-02-08 - 09:36:48 -- Running SyncFiles.ps1
9983e9de-6ceb-499b-a06c-e030f24bd236 / 2023-02-08 - 09:36:53 -- Completed SyncFiles.ps1
9983e9de-6ceb-499b-a06c-e030f24bd236 / 2023-02-08 - 09:36:57 -- Storage Account has been Updated with files
9983e9de-6ceb-499b-a06c-e030f24bd236 / 2023-02-08 - 09:37:07 -- Role Assignments Set
9983e9de-6ceb-499b-a06c-e030f24bd236 / 2023-02-08 - 09:37:11 -- Completed AEB-AzureBuilder.ps1
9983e9de-6ceb-499b-a06c-e030f24bd236 / 2023-02-08 - 09:37:15 -- =============================================================================================================
9983e9de-6ceb-499b-a06c-e030f24bd236 / 2023-02-08 - 09:37:50 -- Running AEB-AzureBuilder.ps1
9983e9de-6ceb-499b-a06c-e030f24bd236 / 2023-02-08 - 09:37:59 -- PROD Network Security Group not required
9983e9de-6ceb-499b-a06c-e030f24bd236 / 2023-02-08 - 09:38:04 -- DEV Network Security Group not required
9983e9de-6ceb-499b-a06c-e030f24bd236 / 2023-02-08 - 09:38:10 -- PROD Bastion for VNET vnet-TestClient0-azure not required
9983e9de-6ceb-499b-a06c-e030f24bd236 / 2023-02-08 - 09:38:15 -- PROD Bastion for VNET vnet-TestClient0-domain not required
9983e9de-6ceb-499b-a06c-e030f24bd236 / 2023-02-08 - 09:38:19 -- DEV Bastion for VNET vnet-TestClient0-azure not required
9983e9de-6ceb-499b-a06c-e030f24bd236 / 2023-02-08 - 09:38:24 -- DEV Bastion for VNET vnet-TestClient0-domain not required
9983e9de-6ceb-499b-a06c-e030f24bd236 / 2023-02-08 - 09:38:28 -- Creation of Storage Account and Storage Container not required
9983e9de-6ceb-499b-a06c-e030f24bd236 / 2023-02-08 - 09:38:55 -- Creating 1 of 1 VMs
9983e9de-6ceb-499b-a06c-e030f24bd236 / 2023-02-08 - 09:40:33 -- Creating 1 of 1 VMs
9983e9de-6ceb-499b-a06c-e030f24bd236 / 2023-02-08 - 09:42:42 -- Syncing Files...
9983e9de-6ceb-499b-a06c-e030f24bd236 / 2023-02-08 - 09:42:49 -- Running SyncFiles.ps1
9983e9de-6ceb-499b-a06c-e030f24bd236 / 2023-02-08 - 09:42:54 -- Completed SyncFiles.ps1
9983e9de-6ceb-499b-a06c-e030f24bd236 / 2023-02-08 - 09:42:59 -- Storage Account has been Updated with files
9983e9de-6ceb-499b-a06c-e030f24bd236 / 2023-02-08 - 09:43:11 -- Role Assignments Set
9983e9de-6ceb-499b-a06c-e030f24bd236 / 2023-02-08 - 09:43:15 -- Configuring 1 of 1 VMs
9983e9de-6ceb-499b-a06c-e030f24bd236 / 2023-02-08 - 09:43:20 -- VM: vm-euc-dc-01 created successfully
9983e9de-6ceb-499b-a06c-e030f24bd236 / 2023-02-08 - 09:45:36 -- VM: vm-euc-dc-01 - Restarting VM for 120 Seconds...
9983e9de-6ceb-499b-a06c-e030f24bd236 / 2023-02-08 - 09:47:40 -- VM: vm-euc-dc-01 - Installing App: Conf-RunOnce
9983e9de-6ceb-499b-a06c-e030f24bd236 / 2023-02-08 - 09:51:44 -- VM: vm-euc-dc-01 configured with Conf-RunOnce.ps1 successfully
9983e9de-6ceb-499b-a06c-e030f24bd236 / 2023-02-08 - 09:51:49 -- VM: vm-euc-dc-01 - Installing App: Conf-ConfigureDataDisk
9983e9de-6ceb-499b-a06c-e030f24bd236 / 2023-02-08 - 09:52:55 -- VM: vm-euc-dc-01 configured with Conf-ConfigureDataDisk.ps1 successfully
9983e9de-6ceb-499b-a06c-e030f24bd236 / 2023-02-08 - 09:53:01 -- VM: vm-euc-dc-01 - Installing App: Conf-EnableDomainController
9983e9de-6ceb-499b-a06c-e030f24bd236 / 2023-02-08 - 09:58:08 -- VM: vm-euc-dc-01 configured with Conf-EnableDomainController.ps1 successfully
9983e9de-6ceb-499b-a06c-e030f24bd236 / 2023-02-08 - 09:59:21 -- VM: vm-euc-dc-01 - Restarting VM for 60 Seconds...
9983e9de-6ceb-499b-a06c-e030f24bd236 / 2023-02-08 - 10:00:26 -- VM: vm-euc-dc-01 - Installing App: Conf-EnableDomainController2
9983e9de-6ceb-499b-a06c-e030f24bd236 / 2023-02-08 - 10:06:32 -- VM: vm-euc-dc-01 configured with Conf-EnableDomainController2.ps1 successfully
9983e9de-6ceb-499b-a06c-e030f24bd236 / 2023-02-08 - 10:07:38 -- VM: vm-euc-dc-01 - Restarting VM for 60 Seconds...
9983e9de-6ceb-499b-a06c-e030f24bd236 / 2023-02-08 - 10:08:42 -- VM: vm-euc-dc-01 - Installing App: Conf-EnableDomainController3
9983e9de-6ceb-499b-a06c-e030f24bd236 / 2023-02-08 - 10:12:49 -- VM: vm-euc-dc-01 configured with Conf-EnableDomainController3.ps1 successfully
9983e9de-6ceb-499b-a06c-e030f24bd236 / 2023-02-08 - 10:12:53 -- Configuring 1 of 1 VMs
9983e9de-6ceb-499b-a06c-e030f24bd236 / 2023-02-08 - 10:12:58 -- VM: vm-euc-sccm-01 created successfully
9983e9de-6ceb-499b-a06c-e030f24bd236 / 2023-02-08 - 10:15:11 -- VM: vm-euc-sccm-01 - Restarting VM for 120 Seconds...
9983e9de-6ceb-499b-a06c-e030f24bd236 / 2023-02-08 - 10:17:14 -- VM: vm-euc-sccm-01 - Installing App: Conf-RunOnce
9983e9de-6ceb-499b-a06c-e030f24bd236 / 2023-02-08 - 10:20:50 -- VM: vm-euc-sccm-01 configured with Conf-RunOnce.ps1 successfully
9983e9de-6ceb-499b-a06c-e030f24bd236 / 2023-02-08 - 10:20:55 -- VM: vm-euc-sccm-01 - Installing App: Conf-ConfigureDataDisk
9983e9de-6ceb-499b-a06c-e030f24bd236 / 2023-02-08 - 10:22:00 -- VM: vm-euc-sccm-01 configured with Conf-ConfigureDataDisk.ps1 successfully
9983e9de-6ceb-499b-a06c-e030f24bd236 / 2023-02-08 - 10:22:04 -- VM: vm-euc-sccm-01 - Installing App: App-CMTrace
9983e9de-6ceb-499b-a06c-e030f24bd236 / 2023-02-08 - 10:25:40 -- VM: vm-euc-sccm-01 configured with App-CMTrace.ps1 successfully
9983e9de-6ceb-499b-a06c-e030f24bd236 / 2023-02-08 - 10:25:46 -- VM: vm-euc-sccm-01 - Installing App: Conf-DomainJoin
9983e9de-6ceb-499b-a06c-e030f24bd236 / 2023-02-08 - 10:40:25 -- VM: vm-euc-sccm-01 configured with Conf-DomainJoin.ps1 successfully
9983e9de-6ceb-499b-a06c-e030f24bd236 / 2023-02-08 - 10:41:31 -- VM: vm-euc-sccm-01 - Restarting VM for 60 Seconds...
9983e9de-6ceb-499b-a06c-e030f24bd236 / 2023-02-08 - 10:42:37 -- Completed AEB-AzureBuilder.ps1
