
9983e9de-6ceb-499b-a06c-e030f24bd236 / 2023-02-07 - 13:39:21 -- Running AEB-AzureBuilder.ps1
9983e9de-6ceb-499b-a06c-e030f24bd236 / 2023-02-07 - 13:39:35 -- Creation of Storage Account and Storage Container not required
9983e9de-6ceb-499b-a06c-e030f24bd236 / 2023-02-07 - 13:39:39 -- Syncing Files...
9983e9de-6ceb-499b-a06c-e030f24bd236 / 2023-02-07 - 13:39:44 -- Running SyncFiles.ps1
9983e9de-6ceb-499b-a06c-e030f24bd236 / 2023-02-07 - 13:39:50 -- Completed SyncFiles.ps1
9983e9de-6ceb-499b-a06c-e030f24bd236 / 2023-02-07 - 13:39:54 -- Storage Account has been Updated with files
9983e9de-6ceb-499b-a06c-e030f24bd236 / 2023-02-07 - 13:40:04 -- Role Assignments Set
9983e9de-6ceb-499b-a06c-e030f24bd236 / 2023-02-07 - 13:40:08 -- Completed AEB-AzureBuilder.ps1
9983e9de-6ceb-499b-a06c-e030f24bd236 / 2023-02-07 - 13:40:13 -- =============================================================================================================
9983e9de-6ceb-499b-a06c-e030f24bd236 / 2023-02-07 - 15:31:23 -- Running AEB-AzureBuilder.ps1
ERROR: 9983e9de-6ceb-499b-a06c-e030f24bd236 / 2023-02-07 - 15:31:40 -- *** Unable to create or configure PROD Network Security Group! ***
9983e9de-6ceb-499b-a06c-e030f24bd236 / 2023-02-07 - 15:31:45 -- *** Unable to create or configure DEV Network Security Group! ***
9983e9de-6ceb-499b-a06c-e030f24bd236 / 2023-02-07 - 15:31:58 -- Creation of Storage Account and Storage Container not required
9983e9de-6ceb-499b-a06c-e030f24bd236 / 2023-02-07 - 15:32:05 -- Syncing Files...
9983e9de-6ceb-499b-a06c-e030f24bd236 / 2023-02-07 - 15:32:10 -- Running SyncFiles.ps1
9983e9de-6ceb-499b-a06c-e030f24bd236 / 2023-02-07 - 15:32:17 -- Completed SyncFiles.ps1
9983e9de-6ceb-499b-a06c-e030f24bd236 / 2023-02-07 - 15:32:22 -- Storage Account has been Updated with files
9983e9de-6ceb-499b-a06c-e030f24bd236 / 2023-02-07 - 15:32:32 -- Role Assignments Set
9983e9de-6ceb-499b-a06c-e030f24bd236 / 2023-02-07 - 15:32:37 -- Completed AEB-AzureBuilder.ps1
9983e9de-6ceb-499b-a06c-e030f24bd236 / 2023-02-07 - 15:32:42 -- =============================================================================================================
9983e9de-6ceb-499b-a06c-e030f24bd236 / 2023-02-07 - 15:37:22 -- Running AEB-AzureBuilder.ps1
9983e9de-6ceb-499b-a06c-e030f24bd236 / 2023-02-07 - 15:37:35 -- PROD Network Security Group created successfully
9983e9de-6ceb-499b-a06c-e030f24bd236 / 2023-02-07 - 15:37:48 -- Creation of Storage Account and Storage Container not required
9983e9de-6ceb-499b-a06c-e030f24bd236 / 2023-02-07 - 15:37:53 -- Syncing Files...
9983e9de-6ceb-499b-a06c-e030f24bd236 / 2023-02-07 - 15:37:59 -- Running SyncFiles.ps1
9983e9de-6ceb-499b-a06c-e030f24bd236 / 2023-02-07 - 15:38:04 -- Completed SyncFiles.ps1
9983e9de-6ceb-499b-a06c-e030f24bd236 / 2023-02-07 - 15:38:08 -- Storage Account has been Updated with files
9983e9de-6ceb-499b-a06c-e030f24bd236 / 2023-02-07 - 15:38:18 -- Role Assignments Set
9983e9de-6ceb-499b-a06c-e030f24bd236 / 2023-02-07 - 15:38:22 -- Completed AEB-AzureBuilder.ps1
9983e9de-6ceb-499b-a06c-e030f24bd236 / 2023-02-07 - 15:38:27 -- =============================================================================================================
9983e9de-6ceb-499b-a06c-e030f24bd236 / 2023-02-07 - 15:50:34 -- Running AEB-AzureBuilder.ps1
9983e9de-6ceb-499b-a06c-e030f24bd236 / 2023-02-07 - 15:50:57 -- PROD Network Security Group created successfully
