
cf36141c-ddd7-45a7-b073-111f66d0b30c / 2021-09-15 - 15:10 -- Running PEB-RebuildAzureVM.ps1
cf36141c-ddd7-45a7-b073-111f66d0b30c / 2021-09-15 - 15:11 -- Rebuilding: vm-euc-van-101 with Spec: Standard
cf36141c-ddd7-45a7-b073-111f66d0b30c / 2021-09-15 - 15:16 -- VM: vm-euc-van-101 created successfully
cf36141c-ddd7-45a7-b073-111f66d0b30c / 2021-09-15 - 15:16 -- VM: vm-euc-van-101 - Auto Shutdown Enabled for 1800
cf36141c-ddd7-45a7-b073-111f66d0b30c / 2021-09-15 - 15:17 -- VM: vm-euc-van-101 - Installing App: RunOnce
cf36141c-ddd7-45a7-b073-111f66d0b30c / 2021-09-15 - 15:19 -- VM: vm-euc-van-101 configured with RunOnce.ps1 successfully
cf36141c-ddd7-45a7-b073-111f66d0b30c / 2021-09-15 - 15:19 -- VM: vm-euc-van-101 - Installing App: 7-Zip
cf36141c-ddd7-45a7-b073-111f66d0b30c / 2021-09-15 - 15:20 -- VM: vm-euc-van-101 configured with 7-Zip.ps1 successfully
cf36141c-ddd7-45a7-b073-111f66d0b30c / 2021-09-15 - 15:20 -- VM: vm-euc-van-101 shutdown successfully
cf36141c-ddd7-45a7-b073-111f66d0b30c / 2021-09-15 - 15:20 -- Completed PEB-RebuildAzureVM.ps1
cf36141c-ddd7-45a7-b073-111f66d0b30c / 2021-09-15 - 15:21 -- =============================================================================================================
cf36141c-ddd7-45a7-b073-111f66d0b30c / 2021-09-15 - 22:01 -- Running PEB-AzureBuilder.ps1
cf36141c-ddd7-45a7-b073-111f66d0b30c / 2021-09-15 - 22:01 -- PROD Resource Group created successfully
cf36141c-ddd7-45a7-b073-111f66d0b30c / 2021-09-15 - 22:01 -- DEV Resource Group created successfully
cf36141c-ddd7-45a7-b073-111f66d0b30c / 2021-09-15 - 22:01 -- DEV VNET Resource Group created successfully
cf36141c-ddd7-45a7-b073-111f66d0b30c / 2021-09-15 - 22:01 -- PROD VNET Resource Group created successfully
cf36141c-ddd7-45a7-b073-111f66d0b30c / 2021-09-15 - 22:01 -- STORE Resource Group created successfully
ERROR: cf36141c-ddd7-45a7-b073-111f66d0b30c / 2021-09-15 - 22:01 -- Owner RBAC group already exists
ERROR: cf36141c-ddd7-45a7-b073-111f66d0b30c / 2021-09-15 - 22:01 -- Contributor RBAC group already exists
ERROR: cf36141c-ddd7-45a7-b073-111f66d0b30c / 2021-09-15 - 22:01 -- ReadOnly RBAC group already exists
cf36141c-ddd7-45a7-b073-111f66d0b30c / 2021-09-15 - 22:01 -- PROD Network Security Group created successfully
cf36141c-ddd7-45a7-b073-111f66d0b30c / 2021-09-15 - 22:02 -- PROD Virtual Network created and associated with the Network Security Group successfully
cf36141c-ddd7-45a7-b073-111f66d0b30c / 2021-09-15 - 22:02 -- DEV Network Security Group created successfully
cf36141c-ddd7-45a7-b073-111f66d0b30c / 2021-09-15 - 22:02 -- DEV Virtual Network created and associated with the Network Security Group successfully
cf36141c-ddd7-45a7-b073-111f66d0b30c / 2021-09-15 - 22:02 -- Storage Account and container created successfully
cf36141c-ddd7-45a7-b073-111f66d0b30c / 2021-09-15 - 22:02 -- Storage Share created successfully
cf36141c-ddd7-45a7-b073-111f66d0b30c / 2021-09-15 - 22:02 -- Creating 1 of 1 VMs
cf36141c-ddd7-45a7-b073-111f66d0b30c / 2021-09-15 - 22:07 -- Syncing Files...
