
ERROR: cf36141c-ddd7-45a7-b073-111f66d0b30c / 2021-09-17 - 15:36 -- *** Subscription ID Mismatch!!!! ***
cf36141c-ddd7-45a7-b073-111f66d0b30c / 2021-09-17 - 15:41 -- Running PEB-RebuildAzureVM.ps1
cf36141c-ddd7-45a7-b073-111f66d0b30c / 2021-09-17 - 15:42 -- Syncing Files...
cf36141c-ddd7-45a7-b073-111f66d0b30c / 2021-09-17 - 15:42 -- Running PEB-SyncFiles.ps1
cf36141c-ddd7-45a7-b073-111f66d0b30c / 2021-09-17 - 15:42 -- Completed PEB-SyncFiles.ps1
cf36141c-ddd7-45a7-b073-111f66d0b30c / 2021-09-17 - 15:42 -- Storage Account has been Updated with files
cf36141c-ddd7-45a7-b073-111f66d0b30c / 2021-09-17 - 15:42 -- Rebuilding: vm-euc-van-101 with Spec: Standard
cf36141c-ddd7-45a7-b073-111f66d0b30c / 2021-09-17 - 15:50 -- VM: vm-euc-van-101 created successfully
cf36141c-ddd7-45a7-b073-111f66d0b30c / 2021-09-17 - 15:51 -- VM: vm-euc-van-101 - Auto Shutdown Enabled for 1800
cf36141c-ddd7-45a7-b073-111f66d0b30c / 2021-09-17 - 15:51 -- VM: vm-euc-van-101 - Installing App: RunOnce
ERROR: cf36141c-ddd7-45a7-b073-111f66d0b30c / 2021-09-17 - 15:52 -- *** VM: vm-euc-van-101 - Unable to configure Virtual Machine with RunOnce.ps1 ***
cf36141c-ddd7-45a7-b073-111f66d0b30c / 2021-09-17 - 15:52 -- VM: vm-euc-van-101 - Installing App: chocolatey
cf36141c-ddd7-45a7-b073-111f66d0b30c / 2021-09-17 - 15:53 -- VM: vm-euc-van-101 configured with chocolatey.ps1 successfully
cf36141c-ddd7-45a7-b073-111f66d0b30c / 2021-09-17 - 15:53 -- VM: vm-euc-van-101 - Installing App: choco-coreapps
ERROR: cf36141c-ddd7-45a7-b073-111f66d0b30c / 2021-09-17 - 15:55 -- *** VM: vm-euc-van-101 - Unable to configure Virtual Machine with choco-coreapps.ps1 ***
cf36141c-ddd7-45a7-b073-111f66d0b30c / 2021-09-17 - 15:56 -- VM: vm-euc-van-101 shutdown successfully
cf36141c-ddd7-45a7-b073-111f66d0b30c / 2021-09-17 - 15:56 -- Completed PEB-RebuildAzureVM.ps1
cf36141c-ddd7-45a7-b073-111f66d0b30c / 2021-09-17 - 15:56 -- =============================================================================================================
cf36141c-ddd7-45a7-b073-111f66d0b30c / 2021-09-17 - 16:03 -- Running PEB-RebuildAzureVM.ps1
cf36141c-ddd7-45a7-b073-111f66d0b30c / 2021-09-17 - 16:05 -- Syncing Files...
cf36141c-ddd7-45a7-b073-111f66d0b30c / 2021-09-17 - 16:05 -- Running PEB-SyncFiles.ps1
cf36141c-ddd7-45a7-b073-111f66d0b30c / 2021-09-17 - 16:05 -- Completed PEB-SyncFiles.ps1
cf36141c-ddd7-45a7-b073-111f66d0b30c / 2021-09-17 - 16:05 -- Storage Account has been Updated with files
cf36141c-ddd7-45a7-b073-111f66d0b30c / 2021-09-17 - 16:05 -- Rebuilding: vm-euc-van-101 with Spec: Standard
cf36141c-ddd7-45a7-b073-111f66d0b30c / 2021-09-17 - 16:15 -- VM: vm-euc-van-101 created successfully
cf36141c-ddd7-45a7-b073-111f66d0b30c / 2021-09-17 - 16:15 -- VM: vm-euc-van-101 - Auto Shutdown Enabled for 1800
cf36141c-ddd7-45a7-b073-111f66d0b30c / 2021-09-17 - 16:15 -- VM: vm-euc-van-101 - Installing App: RunOnce
