
cf36141c-ddd7-45a7-b073-111f66d0b30c / 2021-09-21 - 12:23 -- Running PEB-AzureBuilder.ps1
cf36141c-ddd7-45a7-b073-111f66d0b30c / 2021-09-21 - 12:23 -- Creation of Storage Account and Storage Container not required
cf36141c-ddd7-45a7-b073-111f66d0b30c / 2021-09-21 - 12:23 -- Creating 1 of 1 VMs
cf36141c-ddd7-45a7-b073-111f66d0b30c / 2021-09-21 - 12:31 -- Syncing Files...
cf36141c-ddd7-45a7-b073-111f66d0b30c / 2021-09-21 - 12:31 -- Running PEB-SyncFiles.ps1
cf36141c-ddd7-45a7-b073-111f66d0b30c / 2021-09-21 - 12:31 -- Completed PEB-SyncFiles.ps1
cf36141c-ddd7-45a7-b073-111f66d0b30c / 2021-09-21 - 12:31 -- Storage Account has been Updated with files
cf36141c-ddd7-45a7-b073-111f66d0b30c / 2021-09-21 - 12:31 -- Role Assignments Set
cf36141c-ddd7-45a7-b073-111f66d0b30c / 2021-09-21 - 12:31 -- Configuring 1 of 1 VMs
cf36141c-ddd7-45a7-b073-111f66d0b30c / 2021-09-21 - 12:31 -- VM: vm-euc-core-401 created successfully
cf36141c-ddd7-45a7-b073-111f66d0b30c / 2021-09-21 - 12:32 -- VM: vm-euc-core-401 - Auto Shutdown Enabled for 1800
cf36141c-ddd7-45a7-b073-111f66d0b30c / 2021-09-21 - 12:32 -- VM: vm-euc-core-401 - Installing App: RunOnce
cf36141c-ddd7-45a7-b073-111f66d0b30c / 2021-09-21 - 13:04 -- Running PEB-AzureBuilder.ps1
cf36141c-ddd7-45a7-b073-111f66d0b30c / 2021-09-21 - 13:05 -- Creation of Storage Account and Storage Container not required
cf36141c-ddd7-45a7-b073-111f66d0b30c / 2021-09-21 - 13:05 -- Creating 1 of 1 VMs
cf36141c-ddd7-45a7-b073-111f66d0b30c / 2021-09-21 - 13:12 -- Syncing Files...
cf36141c-ddd7-45a7-b073-111f66d0b30c / 2021-09-21 - 13:12 -- Running PEB-SyncFiles.ps1
cf36141c-ddd7-45a7-b073-111f66d0b30c / 2021-09-21 - 13:12 -- Completed PEB-SyncFiles.ps1
cf36141c-ddd7-45a7-b073-111f66d0b30c / 2021-09-21 - 13:12 -- Storage Account has been Updated with files
cf36141c-ddd7-45a7-b073-111f66d0b30c / 2021-09-21 - 13:13 -- Role Assignments Set
cf36141c-ddd7-45a7-b073-111f66d0b30c / 2021-09-21 - 13:13 -- Configuring 1 of 1 VMs
cf36141c-ddd7-45a7-b073-111f66d0b30c / 2021-09-21 - 13:13 -- VM: vm-euc-core-401 created successfully
cf36141c-ddd7-45a7-b073-111f66d0b30c / 2021-09-21 - 13:13 -- VM: vm-euc-core-401 - Auto Shutdown Enabled for 1800
cf36141c-ddd7-45a7-b073-111f66d0b30c / 2021-09-21 - 13:13 -- VM: vm-euc-core-401 - Installing App: RunOnce
cf36141c-ddd7-45a7-b073-111f66d0b30c / 2021-09-21 - 13:15 -- VM: vm-euc-core-401 configured with RunOnce.ps1 successfully
cf36141c-ddd7-45a7-b073-111f66d0b30c / 2021-09-21 - 13:15 -- VM: vm-euc-core-401 - Installing App: chocolatey
cf36141c-ddd7-45a7-b073-111f66d0b30c / 2021-09-21 - 13:16 -- VM: vm-euc-core-401 configured with chocolatey.ps1 successfully
cf36141c-ddd7-45a7-b073-111f66d0b30c / 2021-09-21 - 13:16 -- VM: vm-euc-core-401 - Installing App: choco-coreapps
cf36141c-ddd7-45a7-b073-111f66d0b30c / 2021-09-21 - 13:23 -- VM: vm-euc-core-401 configured with choco-coreapps.ps1 successfully
cf36141c-ddd7-45a7-b073-111f66d0b30c / 2021-09-21 - 13:23 -- VM: vm-euc-core-401 - Installing App: Office365
cf36141c-ddd7-45a7-b073-111f66d0b30c / 2021-09-21 - 13:30 -- VM: vm-euc-core-401 configured with Office365.ps1 successfully
cf36141c-ddd7-45a7-b073-111f66d0b30c / 2021-09-21 - 13:30 -- VM: vm-euc-core-401 - Installing App: App-ClickShareExension
ERROR: cf36141c-ddd7-45a7-b073-111f66d0b30c / 2021-09-21 - 13:31 -- *** VM: vm-euc-core-401 - Unable to configure Virtual Machine with App-ClickShareExension.ps1 ***
cf36141c-ddd7-45a7-b073-111f66d0b30c / 2021-09-21 - 13:31 -- VM: vm-euc-core-401 - Installing App: App-WellaZscaler
ERROR: cf36141c-ddd7-45a7-b073-111f66d0b30c / 2021-09-21 - 13:32 -- *** VM: vm-euc-core-401 - Unable to configure Virtual Machine with App-WellaZscaler.ps1 ***
cf36141c-ddd7-45a7-b073-111f66d0b30c / 2021-09-21 - 13:32 -- VM: vm-euc-core-401 - Installing App: App-XeroxAgent
ERROR: cf36141c-ddd7-45a7-b073-111f66d0b30c / 2021-09-21 - 13:33 -- *** VM: vm-euc-core-401 - Unable to configure Virtual Machine with App-XeroxAgent.ps1 ***
cf36141c-ddd7-45a7-b073-111f66d0b30c / 2021-09-21 - 13:33 -- VM: vm-euc-core-401 shutdown successfully
cf36141c-ddd7-45a7-b073-111f66d0b30c / 2021-09-21 - 13:33 -- Completed PEB-AzureBuilder.ps1
cf36141c-ddd7-45a7-b073-111f66d0b30c / 2021-09-21 - 13:34 -- =============================================================================================================
cf36141c-ddd7-45a7-b073-111f66d0b30c / 2021-09-21 - 13:42 -- Running PEB-RebuildAzureVM.ps1
cf36141c-ddd7-45a7-b073-111f66d0b30c / 2021-09-21 - 13:43 -- Syncing Files...
cf36141c-ddd7-45a7-b073-111f66d0b30c / 2021-09-21 - 13:43 -- Running PEB-SyncFiles.ps1
cf36141c-ddd7-45a7-b073-111f66d0b30c / 2021-09-21 - 13:43 -- Completed PEB-SyncFiles.ps1
