
cf36141c-ddd7-45a7-b073-111f66d0b30c / 2021-09-16 - 14:32 -- Running PEB-AzureBuilder.ps1
cf36141c-ddd7-45a7-b073-111f66d0b30c / 2021-09-16 - 14:32 -- PROD Resource Group created successfully
cf36141c-ddd7-45a7-b073-111f66d0b30c / 2021-09-16 - 14:32 -- DEV Resource Group created successfully
cf36141c-ddd7-45a7-b073-111f66d0b30c / 2021-09-16 - 14:32 -- DEV VNET Resource Group created successfully
cf36141c-ddd7-45a7-b073-111f66d0b30c / 2021-09-16 - 14:32 -- PROD VNET Resource Group created successfully
cf36141c-ddd7-45a7-b073-111f66d0b30c / 2021-09-16 - 14:34 -- Running PEB-AzureRemover.ps1
cf36141c-ddd7-45a7-b073-111f66d0b30c / 2021-09-16 - 14:35 -- Completed PEB-AzureRemover.ps1
cf36141c-ddd7-45a7-b073-111f66d0b30c / 2021-09-16 - 14:35 -- =============================================================================================================
cf36141c-ddd7-45a7-b073-111f66d0b30c / 2021-09-16 - 14:37 -- Running PEB-AzureBuilder.ps1
cf36141c-ddd7-45a7-b073-111f66d0b30c / 2021-09-16 - 14:37 -- PROD Resource Group created successfully
cf36141c-ddd7-45a7-b073-111f66d0b30c / 2021-09-16 - 14:37 -- DEV Resource Group created successfully
cf36141c-ddd7-45a7-b073-111f66d0b30c / 2021-09-16 - 14:37 -- DEV VNET Resource Group created successfully
cf36141c-ddd7-45a7-b073-111f66d0b30c / 2021-09-16 - 14:38 -- PROD VNET Resource Group created successfully
cf36141c-ddd7-45a7-b073-111f66d0b30c / 2021-09-16 - 14:38 -- STORE Resource Group created successfully
cf36141c-ddd7-45a7-b073-111f66d0b30c / 2021-09-16 - 14:38 -- PROD Network Security Group created successfully
cf36141c-ddd7-45a7-b073-111f66d0b30c / 2021-09-16 - 14:39 -- PROD Virtual Network created and associated with the Network Security Group successfully
cf36141c-ddd7-45a7-b073-111f66d0b30c / 2021-09-16 - 14:39 -- DEV Network Security Group created successfully
cf36141c-ddd7-45a7-b073-111f66d0b30c / 2021-09-16 - 14:39 -- DEV Virtual Network created and associated with the Network Security Group successfully
ERROR: cf36141c-ddd7-45a7-b073-111f66d0b30c / 2021-09-16 - 14:39 -- *** Unable to create the Storage Account or container! ***
ERROR: cf36141c-ddd7-45a7-b073-111f66d0b30c / 2021-09-16 - 14:39 -- *** Unable to create the Storage Share! ***
DEBUG: cf36141c-ddd7-45a7-b073-111f66d0b30c / 2021-09-16 - 14:39 -- *** Write-Dump ***
DEBUG: cf36141c-ddd7-45a7-b073-111f66d0b30c / 2021-09-16 - 14:39 -- $? : True
DEBUG: cf36141c-ddd7-45a7-b073-111f66d0b30c / 2021-09-16 - 14:39 -- $azSubscription : 1c3b43a4-90da-4988-9598-cab119913f5d
DEBUG: cf36141c-ddd7-45a7-b073-111f66d0b30c / 2021-09-16 - 14:39 -- $RGNameSTORE : rg-euc-packaging-store
DEBUG: cf36141c-ddd7-45a7-b073-111f66d0b30c / 2021-09-16 - 14:39 -- $StorageAccountName : storageeucpackpack1
DEBUG: cf36141c-ddd7-45a7-b073-111f66d0b30c / 2021-09-16 - 14:39 -- $RequireServicePrincipal : False
DEBUG: cf36141c-ddd7-45a7-b073-111f66d0b30c / 2021-09-16 - 14:39 -- $RequireRBAC : True
DEBUG: cf36141c-ddd7-45a7-b073-111f66d0b30c / 2021-09-16 - 14:39 -- (Get-AzContext).Name : User
DEBUG: cf36141c-ddd7-45a7-b073-111f66d0b30c / 2021-09-16 - 14:39 -- $Error[0] :    264393c..08d38ca  main -> main
DEBUG: cf36141c-ddd7-45a7-b073-111f66d0b30c / 2021-09-16 - 14:40 -- $Error[1] : To https://github.com/satsuk81/log.git
DEBUG: cf36141c-ddd7-45a7-b073-111f66d0b30c / 2021-09-16 - 14:40 -- $Error[2] :    08d38ca..247fbb2  main -> main
DEBUG: cf36141c-ddd7-45a7-b073-111f66d0b30c / 2021-09-16 - 14:40 -- =============================================================================================================
cf36141c-ddd7-45a7-b073-111f66d0b30c / 2021-09-16 - 14:40 -- Running PEB-AzureRemover.ps1
cf36141c-ddd7-45a7-b073-111f66d0b30c / 2021-09-16 - 14:43 -- Completed PEB-AzureRemover.ps1
cf36141c-ddd7-45a7-b073-111f66d0b30c / 2021-09-16 - 14:43 -- =============================================================================================================
cf36141c-ddd7-45a7-b073-111f66d0b30c / 2021-09-16 - 14:44 -- Running PEB-AzureBuilder.ps1
cf36141c-ddd7-45a7-b073-111f66d0b30c / 2021-09-16 - 14:44 -- PROD Resource Group created successfully
cf36141c-ddd7-45a7-b073-111f66d0b30c / 2021-09-16 - 14:44 -- DEV Resource Group created successfully
cf36141c-ddd7-45a7-b073-111f66d0b30c / 2021-09-16 - 14:44 -- DEV VNET Resource Group created successfully
cf36141c-ddd7-45a7-b073-111f66d0b30c / 2021-09-16 - 14:44 -- PROD VNET Resource Group created successfully
cf36141c-ddd7-45a7-b073-111f66d0b30c / 2021-09-16 - 14:45 -- STORE Resource Group created successfully
cf36141c-ddd7-45a7-b073-111f66d0b30c / 2021-09-16 - 14:45 -- PROD Network Security Group created successfully
cf36141c-ddd7-45a7-b073-111f66d0b30c / 2021-09-16 - 14:46 -- PROD Virtual Network created and associated with the Network Security Group successfully
cf36141c-ddd7-45a7-b073-111f66d0b30c / 2021-09-16 - 14:46 -- DEV Network Security Group created successfully
cf36141c-ddd7-45a7-b073-111f66d0b30c / 2021-09-16 - 14:46 -- DEV Virtual Network created and associated with the Network Security Group successfully
