
cf36141c-ddd7-45a7-b073-111f66d0b30c / 2021-09-23 - 15:53 -- Running PEB-RebuildAzureVM.ps1
cf36141c-ddd7-45a7-b073-111f66d0b30c / 2021-09-23 - 16:17 -- Running PEB-RebuildAzureVM.ps1
cf36141c-ddd7-45a7-b073-111f66d0b30c / 2021-09-23 - 16:20 -- Running PEB-RebuildAzureVM.ps1
cf36141c-ddd7-45a7-b073-111f66d0b30c / 2021-09-23 - 16:20 -- Syncing Files...
cf36141c-ddd7-45a7-b073-111f66d0b30c / 2021-09-23 - 16:20 -- Running PEB-SyncFiles.ps1
cf36141c-ddd7-45a7-b073-111f66d0b30c / 2021-09-23 - 16:20 -- Completed PEB-SyncFiles.ps1
cf36141c-ddd7-45a7-b073-111f66d0b30c / 2021-09-23 - 16:20 -- Storage Account has been Updated with files
cf36141c-ddd7-45a7-b073-111f66d0b30c / 2021-09-23 - 16:20 -- Rebuilding: vm-euc-van-101 with Spec: Standard
cf36141c-ddd7-45a7-b073-111f66d0b30c / 2021-09-23 - 16:29 -- VM: vm-euc-van-101 created successfully
cf36141c-ddd7-45a7-b073-111f66d0b30c / 2021-09-23 - 16:29 -- VM: vm-euc-van-101 - Auto Shutdown Enabled for 1800
cf36141c-ddd7-45a7-b073-111f66d0b30c / 2021-09-23 - 16:29 -- VM: vm-euc-van-101 - Installing App: RunOnce
cf36141c-ddd7-45a7-b073-111f66d0b30c / 2021-09-23 - 16:31 -- VM: vm-euc-van-101 configured with RunOnce.ps1 successfully
cf36141c-ddd7-45a7-b073-111f66d0b30c / 2021-09-23 - 16:31 -- VM: vm-euc-van-101 - Installing App: 7-Zip
cf36141c-ddd7-45a7-b073-111f66d0b30c / 2021-09-23 - 16:33 -- VM: vm-euc-van-101 configured with 7-Zip.ps1 successfully
cf36141c-ddd7-45a7-b073-111f66d0b30c / 2021-09-23 - 16:34 -- VM: vm-euc-van-101 shutdown successfully
cf36141c-ddd7-45a7-b073-111f66d0b30c / 2021-09-23 - 16:34 -- Completed PEB-RebuildAzureVM.ps1
cf36141c-ddd7-45a7-b073-111f66d0b30c / 2021-09-23 - 16:34 -- =============================================================================================================
cf36141c-ddd7-45a7-b073-111f66d0b30c / 2021-09-23 - 16:36 -- Running PEB-RebuildAzureVM.ps1
cf36141c-ddd7-45a7-b073-111f66d0b30c / 2021-09-23 - 16:37 -- Syncing Files...
cf36141c-ddd7-45a7-b073-111f66d0b30c / 2021-09-23 - 16:37 -- Running PEB-SyncFiles.ps1
cf36141c-ddd7-45a7-b073-111f66d0b30c / 2021-09-23 - 16:37 -- Completed PEB-SyncFiles.ps1
cf36141c-ddd7-45a7-b073-111f66d0b30c / 2021-09-23 - 16:37 -- Storage Account has been Updated with files
cf36141c-ddd7-45a7-b073-111f66d0b30c / 2021-09-23 - 16:37 -- Rebuilding: vm-euc-van-101 with Spec: Standard
