
cf36141c-ddd7-45a7-b073-111f66d0b30c / 2021-07-20 - 15:30 -- Running RebuildAzureVM.ps1
cf36141c-ddd7-45a7-b073-111f66d0b30c / 2021-07-20 - 15:31 -- Running SyncFiles.ps1
cf36141c-ddd7-45a7-b073-111f66d0b30c / 2021-07-20 - 15:32 -- Completed SyncFiles.ps1
cf36141c-ddd7-45a7-b073-111f66d0b30c / 2021-07-20 - 15:32 -- Storage Account has been Updated with files
cf36141c-ddd7-45a7-b073-111f66d0b30c / 2021-07-20 - 15:32 -- Rebuilding: vm-euc-jb-301 with Spec: Jumpbox
cf36141c-ddd7-45a7-b073-111f66d0b30c / 2021-07-20 - 15:37 -- Virtual Machine vm-euc-jb-301 created successfully
cf36141c-ddd7-45a7-b073-111f66d0b30c / 2021-07-20 - 15:38 -- Restarting VM...
cf36141c-ddd7-45a7-b073-111f66d0b30c / 2021-07-20 - 15:44 -- Virtual Machine vm-euc-jb-301 configured with RunOnce.ps1 successfully
cf36141c-ddd7-45a7-b073-111f66d0b30c / 2021-07-20 - 15:48 -- Virtual Machine vm-euc-jb-301 configured with Jumpbox.ps1 successfully
cf36141c-ddd7-45a7-b073-111f66d0b30c / 2021-07-20 - 15:53 -- Virtual Machine vm-euc-jb-301 configured with MECMConsole.ps1 successfully
cf36141c-ddd7-45a7-b073-111f66d0b30c / 2021-07-20 - 15:53 -- Auto Shutdown Enabled for 1800
cf36141c-ddd7-45a7-b073-111f66d0b30c / 2021-07-20 - 15:54 -- VM vm-euc-jb-301 shutdown successfully
cf36141c-ddd7-45a7-b073-111f66d0b30c / 2021-07-20 - 15:54 -- Completed RebuildAzureVM.ps1
cf36141c-ddd7-45a7-b073-111f66d0b30c / 2021-07-20 - 15:54 -- =============================================================================================================
cf36141c-ddd7-45a7-b073-111f66d0b30c / 2021-07-20 - 16:23 -- Running RebuildAzureVM.ps1
cf36141c-ddd7-45a7-b073-111f66d0b30c / 2021-07-20 - 16:24 -- Running RebuildAzureVM.ps1
cf36141c-ddd7-45a7-b073-111f66d0b30c / 2021-07-20 - 16:26 -- Running SyncFiles.ps1
cf36141c-ddd7-45a7-b073-111f66d0b30c / 2021-07-20 - 16:26 -- Completed SyncFiles.ps1
cf36141c-ddd7-45a7-b073-111f66d0b30c / 2021-07-20 - 16:26 -- Storage Account has been Updated with files
cf36141c-ddd7-45a7-b073-111f66d0b30c / 2021-07-20 - 16:26 -- Rebuilding: vm-euc-jb-301 with Spec: Jumpbox
cf36141c-ddd7-45a7-b073-111f66d0b30c / 2021-07-20 - 16:32 -- Virtual Machine vm-euc-jb-301 created successfully
cf36141c-ddd7-45a7-b073-111f66d0b30c / 2021-07-20 - 16:33 -- Restarting VM...
cf36141c-ddd7-45a7-b073-111f66d0b30c / 2021-07-20 - 16:36 -- Virtual Machine vm-euc-jb-301 configured with RunOnce.ps1 successfully
cf36141c-ddd7-45a7-b073-111f66d0b30c / 2021-07-20 - 16:39 -- Virtual Machine vm-euc-jb-301 configured with Jumpbox.ps1 successfully
cf36141c-ddd7-45a7-b073-111f66d0b30c / 2021-07-20 - 16:42 -- Virtual Machine vm-euc-jb-301 configured with MECMConsole.ps1 successfully
cf36141c-ddd7-45a7-b073-111f66d0b30c / 2021-07-20 - 16:42 -- Auto Shutdown Enabled for 1800
cf36141c-ddd7-45a7-b073-111f66d0b30c / 2021-07-20 - 16:43 -- VM vm-euc-jb-301 shutdown successfully
cf36141c-ddd7-45a7-b073-111f66d0b30c / 2021-07-20 - 16:43 -- Completed RebuildAzureVM.ps1
cf36141c-ddd7-45a7-b073-111f66d0b30c / 2021-07-20 - 16:43 -- =============================================================================================================
cf36141c-ddd7-45a7-b073-111f66d0b30c / 2021-07-21 - 11:55 -- Running CreatePackagingEnv-MainScript-V1.ps1
cf36141c-ddd7-45a7-b073-111f66d0b30c / 2021-07-21 - 11:55 -- Creation of Storage Account and Storage Container not required
cf36141c-ddd7-45a7-b073-111f66d0b30c / 2021-07-21 - 11:55 -- Packaging VM Script Completed
cf36141c-ddd7-45a7-b073-111f66d0b30c / 2021-07-21 - 11:55 -- Creating 1 of 1 VMs
cf36141c-ddd7-45a7-b073-111f66d0b30c / 2021-07-21 - 11:55 -- Hyper-V Create Script Completed
cf36141c-ddd7-45a7-b073-111f66d0b30c / 2021-07-21 - 11:55 -- Running SyncFiles.ps1
cf36141c-ddd7-45a7-b073-111f66d0b30c / 2021-07-21 - 11:55 -- Completed SyncFiles.ps1
cf36141c-ddd7-45a7-b073-111f66d0b30c / 2021-07-21 - 11:55 -- Storage Account has been Updated with files
cf36141c-ddd7-45a7-b073-111f66d0b30c / 2021-07-21 - 11:56 -- Role Assignments Set
cf36141c-ddd7-45a7-b073-111f66d0b30c / 2021-07-21 - 11:56 -- Configure Packaging VM Script Completed
cf36141c-ddd7-45a7-b073-111f66d0b30c / 2021-07-21 - 11:56 -- Configuring 1 of 1 VMs
ERROR: cf36141c-ddd7-45a7-b073-111f66d0b30c / 2021-07-21 - 11:56 -- *** Unable to configure Virtual Machine vm-euc-hyprv-01! ***
cf36141c-ddd7-45a7-b073-111f66d0b30c / 2021-07-21 - 11:56 -- Hyper-V Configure Script Completed
cf36141c-ddd7-45a7-b073-111f66d0b30c / 2021-07-21 - 11:56 -- Completed CreatePackagingEnv-MainScript-V1.ps1
cf36141c-ddd7-45a7-b073-111f66d0b30c / 2021-07-21 - 11:56 -- =============================================================================================================
cf36141c-ddd7-45a7-b073-111f66d0b30c / 2021-07-21 - 11:58 -- Running CreatePackagingEnv-MainScript-V1.ps1
cf36141c-ddd7-45a7-b073-111f66d0b30c / 2021-07-21 - 11:58 -- PROD Resource Group created successfully
cf36141c-ddd7-45a7-b073-111f66d0b30c / 2021-07-21 - 11:59 -- PROD Network Security Group created successfully
cf36141c-ddd7-45a7-b073-111f66d0b30c / 2021-07-21 - 11:59 -- PROD Virtual Network created and associated with the Network Security Group successfully
cf36141c-ddd7-45a7-b073-111f66d0b30c / 2021-07-21 - 11:59 -- Creation of Storage Account and Storage Container not required
cf36141c-ddd7-45a7-b073-111f66d0b30c / 2021-07-21 - 11:59 -- Packaging VM Script Completed
cf36141c-ddd7-45a7-b073-111f66d0b30c / 2021-07-21 - 11:59 -- Creating 1 of 1 VMs
cf36141c-ddd7-45a7-b073-111f66d0b30c / 2021-07-21 - 12:01 -- Hyper-V Create Script Completed
cf36141c-ddd7-45a7-b073-111f66d0b30c / 2021-07-21 - 12:01 -- Running SyncFiles.ps1
cf36141c-ddd7-45a7-b073-111f66d0b30c / 2021-07-21 - 12:01 -- Completed SyncFiles.ps1
cf36141c-ddd7-45a7-b073-111f66d0b30c / 2021-07-21 - 12:01 -- Storage Account has been Updated with files
cf36141c-ddd7-45a7-b073-111f66d0b30c / 2021-07-21 - 12:01 -- Role Assignments Set
cf36141c-ddd7-45a7-b073-111f66d0b30c / 2021-07-21 - 12:01 -- Configure Packaging VM Script Completed
cf36141c-ddd7-45a7-b073-111f66d0b30c / 2021-07-21 - 12:02 -- Configuring 1 of 1 VMs
cf36141c-ddd7-45a7-b073-111f66d0b30c / 2021-07-21 - 12:02 -- Virtual Machine vm-euc-hyprv-01 created successfully
cf36141c-ddd7-45a7-b073-111f66d0b30c / 2021-07-21 - 12:03 -- Restarting VM...
cf36141c-ddd7-45a7-b073-111f66d0b30c / 2021-07-21 - 12:07 -- Virtual Machine vm-euc-hyprv-01 configured with RunOnce.ps1 successfully
cf36141c-ddd7-45a7-b073-111f66d0b30c / 2021-07-21 - 12:08 -- Virtual Machine vm-euc-hyprv-01 configured with ConfigureDataDisk.ps1 successfully
cf36141c-ddd7-45a7-b073-111f66d0b30c / 2021-07-21 - 12:12 -- Virtual Machine vm-euc-hyprv-01 configured with EnableHyperV.ps1 successfully
cf36141c-ddd7-45a7-b073-111f66d0b30c / 2021-07-21 - 12:13 -- Restarting VM...
cf36141c-ddd7-45a7-b073-111f66d0b30c / 2021-07-21 - 12:30 -- Virtual Machine vm-euc-hyprv-01 configured with ConfigHyperV.ps1 successfully
cf36141c-ddd7-45a7-b073-111f66d0b30c / 2021-07-21 - 12:31 -- Restarting VM...
cf36141c-ddd7-45a7-b073-111f66d0b30c / 2021-07-21 - 12:49 -- Virtual Machine vm-euc-hyprv-01 configured with Build-VMBase.ps1 successfully
cf36141c-ddd7-45a7-b073-111f66d0b30c / 2021-07-21 - 12:49 -- Hyper-V Configure Script Completed
cf36141c-ddd7-45a7-b073-111f66d0b30c / 2021-07-21 - 12:49 -- Completed CreatePackagingEnv-MainScript-V1.ps1
cf36141c-ddd7-45a7-b073-111f66d0b30c / 2021-07-21 - 12:49 -- =============================================================================================================
cf36141c-ddd7-45a7-b073-111f66d0b30c / 2021-07-22 - 13:37 -- Running CreatePackagingEnv-MainScript-V1.ps1
cf36141c-ddd7-45a7-b073-111f66d0b30c / 2021-07-22 - 13:37 -- PROD Resource Group created successfully
cf36141c-ddd7-45a7-b073-111f66d0b30c / 2021-07-22 - 13:38 -- PROD Network Security Group created successfully
cf36141c-ddd7-45a7-b073-111f66d0b30c / 2021-07-22 - 13:38 -- PROD Virtual Network created and associated with the Network Security Group successfully
cf36141c-ddd7-45a7-b073-111f66d0b30c / 2021-07-22 - 13:38 -- Creation of Storage Account and Storage Container not required
ERROR: cf36141c-ddd7-45a7-b073-111f66d0b30c / 2021-07-22 - 13:38 -- *** Unable to configure Virtual Machine vm-euc-core-401! ***
cf36141c-ddd7-45a7-b073-111f66d0b30c / 2021-07-22 - 13:38 -- Packaging VM Script Completed
cf36141c-ddd7-45a7-b073-111f66d0b30c / 2021-07-22 - 13:38 -- Running SyncFiles.ps1
cf36141c-ddd7-45a7-b073-111f66d0b30c / 2021-07-22 - 13:38 -- Completed SyncFiles.ps1
